# Logfile created on Thu Jun 04 15:59:34 +0000 2009** has_many_polymorphs: rails environment detected
** has_many_polymorphs: loaded ok
* Loaded locales: ["de-AT", "en", "en-US"]
** has_many_polymorphs: autoload hook invoked
** has_many_polymorphs: preloading parent model Categorization
** has_many_polymorphs: preloading parent model Category
** has_many_polymorphs: preloading parent model Tag
** has_many_polymorphs: associating Tag.taggables
** has_many_polymorphs: Tag could not be preloaded: #<Mysql::Error: Access denied for user 'eternos_staging'@'localhost' (using password: YES)>
** has_many_polymorphs: autoload hook invoked
** has_many_polymorphs: preloading parent model Categorization
** has_many_polymorphs: preloading parent model Category
** has_many_polymorphs: preloading parent model Tag
Applying after_commit patch to: ActiveRecord::ConnectionAdapters::MysqlAdapter
** has_many_polymorphs: rails environment detected
** has_many_polymorphs: loaded ok
* Loaded locales: ["de-AT", "en", "en-US"]
** has_many_polymorphs: autoload hook invoked
** has_many_polymorphs: preloading parent model Categorization
** has_many_polymorphs: preloading parent model Category
** has_many_polymorphs: preloading parent model Tag
** has_many_polymorphs: associating Tag.taggables
** has_many_polymorphs: Tag could not be preloaded: #<Mysql::Error: Access denied for user 'eternos_staging'@'localhost' (using password: YES)>
** has_many_polymorphs: autoload hook invoked
** has_many_polymorphs: preloading parent model Categorization
** has_many_polymorphs: preloading parent model Category
** has_many_polymorphs: preloading parent model Tag
